<?xml version="1.0" encoding="UTF-8" standalone="yes"?>
<ns2:test-suite start="1518977666083" stop="1518977677359" version="1.4.15" xmlns:ns2="urn:model.allure.qatools.yandex.ru">
    <name>Enter City Name into Flying from box</name>
    <title>Enter City Name into Flying from box</title>
    <test-cases>
        <test-case start="1518977666284" stop="1518977666290" status="passed">
            <name>Given I’m on Expedia home page</name>
            <title>Given I’m on Expedia home page</title>
            <steps/>
            <attachments/>
            <labels>
                <label name="host" value="Igors-MacBook-Air.local"/>
                <label name="thread" value="14675@Igors-MacBook-Air.local.main(1)"/>
            </labels>
        </test-case>
        <test-case start="1518977666928" stop="1518977666928" status="passed">
            <name>When I click on Flights button</name>
            <title>When I click on Flights button</title>
            <steps/>
            <attachments/>
            <labels>
                <label name="host" value="Igors-MacBook-Air.local"/>
                <label name="thread" value="14675@Igors-MacBook-Air.local.main(1)"/>
            </labels>
        </test-case>
        <test-case start="1518977667231" stop="1518977667231" status="passed">
            <name>And I click in Flying from box</name>
            <title>And I click in Flying from box</title>
            <steps/>
            <attachments/>
            <labels>
                <label name="host" value="Igors-MacBook-Air.local"/>
                <label name="thread" value="14675@Igors-MacBook-Air.local.main(1)"/>
            </labels>
        </test-case>
        <test-case start="1518977677291" stop="1518977677308" status="broken">
            <name>And I type Paris</name>
            <title>And I type Paris</title>
            <failure>
                <message>StaleElementReferenceException: The element reference of &lt;li class="results-item"&gt; is stale; either the element is no longer attached to the DOM, it is not in the current frame context, or the document has been refreshed
For documentation on this error, please visit: http://seleniumhq.org/exceptions/stale_element_reference.html
Build info: version: '3.4.0', revision: 'unknown', time: 'unknown'
System info: host: 'Igors-MacBook-Air.local', ip: '2601:86:1:9f1d:0:0:0:1891', os.name: 'Mac OS X', os.arch: 'x86_64', os.version: '10.13.2', java.version: '1.8.0_151'
Driver info: org.openqa.selenium.firefox.FirefoxDriver
Capabilities [{moz:profile=/var/folders/w3/r4wth4111318t5tkbldwxzxw0000gn/T/rust_mozprofile.tdQexxv4OAVi, rotatable=false, timeouts={implicit=0.0, pageLoad=300000.0, script=30000.0}, pageLoadStrategy=normal, moz:headless=false, platform=ANY, moz:accessibilityChecks=false, acceptInsecureCerts=false, browserVersion=58.0.2, platformVersion=17.3.0, moz:processID=14677.0, browserName=firefox, javascriptEnabled=true, platformName=darwin, moz:webdriverClick=true}]
Session ID: 2016a403-9e96-5b45-826c-6b8a9b86d490</message>
                <stack-trace>org.openqa.selenium.StaleElementReferenceException: The element reference of &lt;li class="results-item"&gt; is stale; either the element is no longer attached to the DOM, it is not in the current frame context, or the document has been refreshed
For documentation on this error, please visit: http://seleniumhq.org/exceptions/stale_element_reference.html
Build info: version: '3.4.0', revision: 'unknown', time: 'unknown'
System info: host: 'Igors-MacBook-Air.local', ip: '2601:86:1:9f1d:0:0:0:1891', os.name: 'Mac OS X', os.arch: 'x86_64', os.version: '10.13.2', java.version: '1.8.0_151'
Driver info: org.openqa.selenium.firefox.FirefoxDriver
Capabilities [{moz:profile=/var/folders/w3/r4wth4111318t5tkbldwxzxw0000gn/T/rust_mozprofile.tdQexxv4OAVi, rotatable=false, timeouts={implicit=0.0, pageLoad=300000.0, script=30000.0}, pageLoadStrategy=normal, moz:headless=false, platform=ANY, moz:accessibilityChecks=false, acceptInsecureCerts=false, browserVersion=58.0.2, platformVersion=17.3.0, moz:processID=14677.0, browserName=firefox, javascriptEnabled=true, platformName=darwin, moz:webdriverClick=true}]
Session ID: 2016a403-9e96-5b45-826c-6b8a9b86d490
	at sun.reflect.NativeConstructorAccessorImpl.newInstance0(Native Method)
	at sun.reflect.NativeConstructorAccessorImpl.newInstance(NativeConstructorAccessorImpl.java:62)
	at sun.reflect.DelegatingConstructorAccessorImpl.newInstance(DelegatingConstructorAccessorImpl.java:45)
	at java.lang.reflect.Constructor.newInstance(Constructor.java:423)
	at org.openqa.selenium.remote.http.W3CHttpResponseCodec.createException(W3CHttpResponseCodec.java:150)
	at org.openqa.selenium.remote.http.W3CHttpResponseCodec.decode(W3CHttpResponseCodec.java:115)
	at org.openqa.selenium.remote.http.W3CHttpResponseCodec.decode(W3CHttpResponseCodec.java:45)
	at org.openqa.selenium.remote.HttpCommandExecutor.execute(HttpCommandExecutor.java:164)
	at org.openqa.selenium.remote.service.DriverCommandExecutor.execute(DriverCommandExecutor.java:82)
	at org.openqa.selenium.remote.RemoteWebDriver.execute(RemoteWebDriver.java:637)
	at org.openqa.selenium.remote.RemoteWebElement.execute(RemoteWebElement.java:272)
	at org.openqa.selenium.remote.RemoteWebElement.getText(RemoteWebElement.java:156)
	at framework.ExpediaHomePage.testAutoComplete(ExpediaHomePage.java:31)
	at stepdefinition.ExpediaHomePageSD.enterTypeAhead(ExpediaHomePageSD.java:30)
	at ✽.And I type Paris(expediahomepage.feature:10)
</stack-trace>
            </failure>
            <steps/>
            <attachments/>
            <labels>
                <label name="host" value="Igors-MacBook-Air.local"/>
                <label name="thread" value="14675@Igors-MacBook-Air.local.main(1)"/>
            </labels>
        </test-case>
        <test-case start="1518977677316" stop="1518977677318" status="pending">
            <name>Then I see Paris, France (PAR-All Airports)</name>
            <title>Then I see Paris, France (PAR-All Airports)</title>
            <failure>
                <message>Test ignored (without reason)!</message>
                <stack-trace>There are no stack trace</stack-trace>
            </failure>
            <steps/>
            <attachments/>
            <labels>
                <label name="host" value="Igors-MacBook-Air.local"/>
                <label name="thread" value="14675@Igors-MacBook-Air.local.main(1)"/>
            </labels>
        </test-case>
        <test-case start="1518977677344" stop="1518977677344" status="pending">
            <name>Scenario: Enter City Name into Flying from box</name>
            <title>Scenario: Enter City Name into Flying from box</title>
            <failure>
                <message>Test ignored (without reason)!</message>
                <stack-trace>There are no stack trace</stack-trace>
            </failure>
            <steps/>
            <attachments/>
            <labels>
                <label name="host" value="Igors-MacBook-Air.local"/>
                <label name="thread" value="14675@Igors-MacBook-Air.local.main(1)"/>
            </labels>
        </test-case>
    </test-cases>
    <labels>
        <label name="story" value="Enter City Name into Flying from box"/>
        <label name="feature" value="Type Ahead Testing"/>
        <label name="framework" value="CucumberJVM"/>
        <label name="language" value="JAVA"/>
    </labels>
</ns2:test-suite>
